==16611== Memcheck, a memory error detector
==16611== Copyright (C) 2002-2017, and GNU GPL'd, by Julian Seward et al.
==16611== Using Valgrind-3.13.0 and LibVEX; rerun with -h for copyright info
==16611== Command: msscfcli 11162 com-github-msobkow-CFCore-2-14-CFGenKb com-github-msobkow-213-cfengine
==16611== 
==16611== error calling PR_SET_PTRACER, vgdb might block
2020-03-03 01:53:40 Starting MSS Code Factory C++ 2.13.11160...
2020-03-03 01:53:40 Loading user preferences...
2020-03-03 01:53:40 MSS Code Factory C++ 2.13.11160 started
2020-03-03 01:53:47 Loading RuleCartridge Name="com-github-msobkow-213-cfengine", Revision = "2.13", Descr="MSS CFCore 2.12 Engine Internals"
2020-03-03 01:53:47 	Enabled Tool "any"
2020-03-03 01:53:47 	Defined Tool "cplus"
2020-03-03 01:53:47 	Defined Tool "java"
2020-03-03 01:53:47 	Loading ToolSet "any", Revision = "2.13", Descr="Miscellaneous"
2020-03-03 01:53:47 	Enabled Tool Set "any
2020-03-03 01:53:47 	Loading RuleSet "common/CartridgeCommon", Revision = "2.13", Descr="Common expansion rules for the cartridge"
2020-03-03 01:53:48 	Loading RuleSet "DefinePackages", Revision = "2.13", Descr="File Headers and Generation Info"
2020-03-03 01:53:48 	Loading RuleSet "FileHeaders", Revision = "2.13", Descr="File header fragments"
2020-03-03 01:53:49 	Loading RuleSet "Verbs", Revision = "2.13", Descr="Engine Verbs"
2020-03-03 01:53:51 	Enabled ToolSet "any"
2020-03-03 01:53:51 	Loading ToolSet "cplus", Revision = "2.13", Descr="C++18"
2020-03-03 01:53:51 	Defined Tool Set "cplus
2020-03-03 01:53:51 	Loading RuleSet "Top", Revision = "2.13", Descr="Top level rules for building files"
2020-03-03 01:53:52 	Loading RuleSet ".gitignore", Revision = "2.13", Descr="C++18 Core Project .gitignore"
2020-03-03 01:53:52 	Loading RuleSet ".gitignore", Revision = "2.13", Descr="C++18 Core Project .gitignore"
2020-03-03 01:53:52 	Loading RuleSet "CleanSchema-wsl.bash", Revision = "2.13", Descr="C++18 CleanSchema-wsl.bash"
2020-03-03 01:53:53 	Loading RuleSet "BuildSchema-wsl.bash", Revision = "2.13", Descr="C++18 BuildSchema-wsl.bash"
2020-03-03 01:53:54 	Loading RuleSet "CompileSchema-wsl.bash", Revision = "2.13", Descr="C++18 CompileSchema-wsl.bash"
2020-03-03 01:53:54 	Loading RuleSet "InstallSchema-wsl.bash", Revision = "2.13", Descr="C++18 InstallSchema-wsl.bash"
2020-03-03 01:53:55 	Loading RuleSet "libschema/.gitignore", Revision = "2.13", Descr="C++18 library .gitignore"
2020-03-03 01:53:55 	Loading RuleSet "libschema/configure.ac", Revision = "2.13", Descr="C++18 library configure.ac"
2020-03-03 01:53:56 	Loading RuleSet "libschema/Makefile.am", Revision = "2.13", Descr="C++18 library Makefile.am"
2020-03-03 01:53:58 	Loading RuleSet "libschema/ISchemaSchema.cpp", Revision = "2.13", Descr="C++18 interface implementation for a $SchemaName$ schema."
2020-03-03 01:54:01 	Loading RuleSet "libschema/ISchemaPublic.cpp", Revision = "2.13", Descr="C++18 interface implementation for a $SchemaName$ schema."
2020-03-03 01:54:01 	Loading RuleSet "libschema/ISchemaTablePerms.cpp", Revision = "2.13", Descr="C++18 $SchemaName$ Table Permissions Interface Implementation."
2020-03-03 01:54:01 	Loading RuleSet "libschema/SchemaSchema.cpp", Revision = "2.13", Descr="C++18 implementation of a $SchemaName$ schema."
2020-03-03 01:54:04 	Loading RuleSet "libschema/SchemaAuthorization.cpp", Revision = "2.13", Descr="C++18 $SchemaName$ Authorization Implementation"
2020-03-03 01:54:05 	Loading RuleSet "libschema/SchemaTablePKey.cpp", Revision = "2.13", Descr="C++18 implementation of a $TableName$ primary key object."
2020-03-03 01:55:14 	Loading RuleSet "libschema/SchemaTableIndexKey.cpp", Revision = "2.13", Descr="C++18 implementation of a $TableName$ $Suffix$ index key object."
2020-03-03 01:55:39 	Loading RuleSet "libschema/SchemaTableBuff.cpp", Revision = "2.13", Descr="C++18 implementation of a $TableName$ buffer object."
2020-03-03 01:56:08 	Loading RuleSet "libschema/schema/ISchemaTableFactory.hpp", Revision = "2.13", Descr="C++18 Factory interface implementation for $TableName$."
2020-03-03 01:56:08 	Loading RuleSet "libschema/SchemaTableDefaultFactory.cpp", Revision = "2.13", Descr="C++18 Default Factory implementation for $TableName$"
2020-03-03 01:56:09 	Loading RuleSet "libschema/ISchemaTableTable.cpp", Revision = "2.13", Descr="C++18 Table Interface Implementation"
2020-03-03 01:56:10 	Loading RuleSet "libschema/schema/ISchemaSchema.hpp", Revision = "2.13", Descr="C++18 interface for a $SchemaName$ schema."
2020-03-03 01:56:12 	Loading RuleSet "libschema/schema/ISchemaPublic.hpp", Revision = "2.13", Descr="C++18 interface for a $SchemaName$ schema."
2020-03-03 01:56:14 	Loading RuleSet "libschema/schema/ISchemaTablePerms.hpp", Revision = "2.13", Descr="C++18 $SchemaName$ Table Permissions Interface."
2020-03-03 01:56:14 	Loading RuleSet "libschema/schema/SchemaSchema.hpp", Revision = "2.13", Descr="C++18 specification of a $SchemaName$ schema."
2020-03-03 01:56:16 	Loading RuleSet "libschema/schema/SchemaAuthorization.hpp", Revision = "2.13", Descr="C++18 $SchemaName$ Authorization Specification"
2020-03-03 01:56:17 	Loading RuleSet "libschema/schema/SchemaTablePKey.hpp", Revision = "2.13", Descr="C++18 specification of a $TableName$ primary key object."
2020-03-03 01:56:31 	Loading RuleSet "libschema/schema/SchemaTableIndexKey.hpp", Revision = "2.13", Descr="C++18 specification of a $TableName$ $Suffix$ index key object."
2020-03-03 01:56:33 	Loading RuleSet "libschema/schema/SchemaTableBuff.hpp", Revision = "2.13", Descr="C++18 specification of a $TableName$ buffer object."
2020-03-03 01:56:38 	Loading RuleSet "libschema/schema/ISchemaTableFactory.hpp", Revision = "2.13", Descr="C++18 Factory interface for $TableName$."
2020-03-03 01:56:39 	Loading RuleSet "libschema/schema/SchemaTableDefaultFactory.hpp", Revision = "2.13", Descr="C++18 Default Factory specification for $TableName$"
2020-03-03 01:56:40 	Loading RuleSet "libschema/schema/ISchemaTableTable.hpp", Revision = "2.13", Descr="C++18 Table Interface"
2020-03-03 01:56:45 	Loading RuleSet "libschema/ISchemaSchemaObj.cpp", Revision = "2.13", Descr="C++18 Schema Object interface implementation"
2020-03-03 01:56:46 	Loading RuleSet "libschema/ISchemaSchemaObj.cpp", Revision = "2.13", Descr="C++18 Schema public object interface implementation"
2020-03-03 01:56:46 	Loading RuleSet "libschema/SchemaSchemaObj.cpp", Revision = "2.13", Descr="C++18 Schema Object implementation"
2020-03-03 01:56:49 	Loading RuleSet "libschema/ISchemaTableObj.cpp", Revision = "2.13", Descr="C++18 Table Object interface implementation"
2020-03-03 01:56:50 	Loading RuleSet "libschema/SchemaTableObj.cpp", Revision = "2.13", Descr="C++18 Table Object implementation"
2020-03-03 01:57:30 	Loading RuleSet "libschema/IObj.cpp", Revision = "2.13", Descr="C++18 Table Object interface implementation"
2020-03-03 01:57:30 	Loading RuleSet "libschema/IEditObj.cpp", Revision = "2.13", Descr="C++18 Edit Object interface implementation"
2020-03-03 01:57:31 	Loading RuleSet "libschema/EditObj.cpp", Revision = "2.13", Descr="C++18 edit object instance implementation"
2020-03-03 01:57:45 	Loading RuleSet "libschema/Obj.cpp", Revision = "2.13", Descr="C++18 base object instance implementation"
2020-03-03 01:57:56 	Loading RuleSet "libschema/schemaobj/ISchemaSchemaObj.hpp", Revision = "2.13", Descr="C++18 Schema Object interface"
2020-03-03 01:57:58 	Loading RuleSet "libschema/schemaobj/ISchemaObjPublic.hpp", Revision = "2.13", Descr="C++18 Schema public object interface"
2020-03-03 01:57:59 	Loading RuleSet "libschema/schemaobj/SchemaSchemaObj.hpp", Revision = "2.13", Descr="C++18 Schema Object specification"
2020-03-03 01:58:00 	Loading RuleSet "libschema/schemaobj/ISchemaTableObj.hpp", Revision = "2.13", Descr="C++18 Table Object interface"
2020-03-03 01:58:06 	Loading RuleSet "libschema/schemaobj/SchemaTableObj.hpp", Revision = "2.13", Descr="C++18 Table Object specification"
2020-03-03 01:58:12 	Loading RuleSet "libschema/schemaobj/IObj.hpp", Revision = "2.13", Descr="C++18 Table Object interface"
2020-03-03 01:58:15 	Loading RuleSet "libschema/schemaobj/IEditObj.hpp", Revision = "2.13", Descr="C++18 Edit Object interface"
2020-03-03 01:58:18 	Loading RuleSet "libschema/schemaobj/EditObj.hpp", Revision = "2.13", Descr="C++18 edit object instance specification"
2020-03-03 01:58:22 	Loading RuleSet "libschema/schemaobj/Obj.hpp", Revision = "2.13", Descr="C++18 base object instance declementation"
2020-03-03 01:58:27 	Loading RuleSet "libschemaram/schemaram/SchemaRamSchema.hpp", Revision = "2.13", Descr="C++18 Interface for an declementation of an in-memory RAM $SchemaName$ schema."
2020-03-03 01:58:28 	Loading RuleSet "libschemaram/schemaram/SchemaRamPublic.hpp", Revision = "2.13", Descr="C++18 Public interface for the in-memory RAM $SchemaName$ schema."
2020-03-03 01:58:28 	Loading RuleSet "libschemaram/schemaram/SchemaRamTableIdGen.hpp", Revision = "2.13", Descr="C++18 Interface of a $TableName$ in-memory RAM Id Generator object."
2020-03-03 01:58:34 	Loading RuleSet "libschemaram/schemaram/SchemaRamTableTable.hpp", Revision = "2.13", Descr="C++18 Interface for an in-memory RAM DbIO declementation for Table"
2020-03-03 01:58:40 	Loading RuleSet "libschemaram/SchemaRamSchema.cpp", Revision = "2.13", Descr="C++18 Implementation of an in-memory RAM $SchemaName$ schema."
2020-03-03 01:58:42 	Loading RuleSet "libschemaram/SchemaRamPublic.cpp", Revision = "2.13", Descr="C++18 Implementation of the interface for the in-memory RAM $SchemaName$ schema."
2020-03-03 01:58:42 	Loading RuleSet "libschemaram/SchemaRamTableIdGen.cpp", Revision = "2.13", Descr="C++18 Implementation of a $TableName$ in-memory RAM Id Generator object."
2020-03-03 01:59:52 	Loading RuleSet "libschemaram/SchemaRamTableTable.cpp", Revision = "2.13", Descr="C++18 Implementation of an in-memory RAM DbIO for Table"
2020-03-03 02:00:39 	Enabled ToolSet "cplus"
2020-03-03 02:00:39 	Loading ToolSet "java", Revision = "2.13", Descr="Java 13"
2020-03-03 02:00:39 	Defined Tool Set "java
2020-03-03 02:00:39 	Loading RuleSet "Top", Revision = "2.13", Descr="Top level rules for building files"
2020-03-03 02:00:40 	Loading RuleSet ".gitattributes", Revision = "2.13", Descr="Main .gitattributes"
2020-03-03 02:00:40 	Loading RuleSet ".gitignore", Revision = "2.13", Descr="Main .gitignore"
2020-03-03 02:00:40 	Loading RuleSet ".gitignore", Revision = "2.13", Descr="Java 13 .gitignore"
2020-03-03 02:00:40 	Loading RuleSet ".gitignore", Revision = "2.13", Descr="Java 13 Project bin .gitignore"
2020-03-03 02:00:40 	Loading RuleSet ".gitignore", Revision = "2.13", Descr="Java 13 Core Project .gitignore"
2020-03-03 02:00:41 	Loading RuleSet "src/Schema/ISchemaSchema.java", Revision = "2.13", Descr="Java 13 interface for a $SchemaName$ schema."
2020-03-03 02:00:43 	Loading RuleSet "src/Schema/ISchemaTablePerms.java", Revision = "2.13", Descr="Java 13 $SchemaName$ Table Permissions Interface."
2020-03-03 02:00:43 	Loading RuleSet "src/Schema/SchemaSchema.java", Revision = "2.13", Descr="Java 13 implementation of a $SchemaName$ schema."
2020-03-03 02:00:46 	Loading RuleSet "src/Schema/SchemaSchemaPool.java", Revision = "2.13", Descr="Java 13 implementation of a $SchemaName$ schema pool."
2020-03-03 02:00:47 	Loading RuleSet "src/Schema/SchemaAuthorization.java", Revision = "2.13", Descr="Java 13 $SchemaName$ Authorization Implementation."
2020-03-03 02:00:48 	Loading RuleSet "src/Schema/SchemaClientConfigurationFile.java", Revision = "2.13", Descr="Java 13 configuration section for a $SchemaName$ schema."
2020-03-03 02:00:49 	Loading RuleSet "src/Schema/SchemaConfigurationFile.java", Revision = "2.13", Descr="Java 13 configuration section for a $SchemaName$ schema."
2020-03-03 02:00:50 	Loading RuleSet "src/Schema/SchemaTablePKey.java", Revision = "2.13", Descr="Java 13 implementation of a $TableName$ primary key object."
2020-03-03 02:01:15 	Loading RuleSet "src/Schema/SchemaTableIndexKey.java", Revision = "2.13", Descr="Java 13 implementation of a $TableName$ $Suffix$ index key object."
2020-03-03 02:01:16 	Loading RuleSet "src/Schema/SchemaTableBuff.java", Revision = "2.13", Descr="Java 13 implementation of a $TableName$ buffer object."
2020-03-03 02:01:19 	Loading RuleSet "src/Schema/ISchemaTableFactory.java", Revision = "2.13", Descr="Java 13 Factory interface for $TableName$."
2020-03-03 02:01:20 	Loading RuleSet "src/Schema/SchemaTableDefaultFactory.java", Revision = "2.13", Descr="Java 13 Default Factory implementation for $TableName$"
2020-03-03 02:01:20 	Loading RuleSet "src/Schema/ISchemaTableTable.java", Revision = "2.13", Descr="Java 13==16611== Conditional jump or move depends on uninitialised value(s)

NOTES:

This issue is caused by models that do not specify InitValue initializers for all
non-nullable (required) attributes of their objects.  It is a modelling issue that
will require remanufacturing the projects, and rebuilding them.  So I won't fix this
at the moment, but will move on to other issues.

==16611==    at 0x9B36011: cfbam::CFBamIndexEditObj::setRequiredIsUnique(bool) (CFBamIndexEditObj.cpp:555)
==16611==    by 0x63C2C02: cfbam::CFBamCustXmlLoaderPrimaryIndexHandler::startElement(char16_t const*, char16_t const*, char16_t const*, xercesc_3_2::Attributes const&) (CFBamCustXmlLoaderPrimaryIndexHandler.cpp:497)
==16611==    by 0xE7C62B8: cflib::CFLibXmlCoreParser::startElement(char16_t const*, char16_t const*, char16_t const*, xercesc_3_2::Attributes const&) (CFLibXmlCoreParser.cpp:394)
==16611==    by 0xEC08377: xercesc_3_2::SAX2XMLReaderImpl::startElement(xercesc_3_2::XMLElementDecl const&, unsigned int, char16_t const*, xercesc_3_2::RefVectorOf<xercesc_3_2::XMLAttr> const&, unsigned long, bool, bool) (in /usr/lib/x86_64-linux-gnu/libxerces-c-3.2.so)
==16611==    by 0xEBB0668: xercesc_3_2::IGXMLScanner::scanStartTagNS(bool&) (in /usr/lib/x86_64-linux-gnu/libxerces-c-3.2.so)
==16611==    by 0xEBB252C: xercesc_3_2::IGXMLScanner::scanContent() (in /usr/lib/x86_64-linux-gnu/libxerces-c-3.2.so)
==16611==    by 0xEBB2787: xercesc_3_2::IGXMLScanner::scanDocument(xercesc_3_2::InputSource const&) (in /usr/lib/x86_64-linux-gnu/libxerces-c-3.2.so)
==16611==    by 0xEC08B18: xercesc_3_2::SAX2XMLReaderImpl::parse(xercesc_3_2::InputSource const&) (in /usr/lib/x86_64-linux-gnu/libxerces-c-3.2.so)
==16611==    by 0xE7C82D1: cflib::CFLibXmlCoreSaxParser::parse(char const*) (CFLibXmlCoreSaxParser.cpp:161)
==16611==    by 0x5F021CE: cfbam::CFBamCustXmlLoader::loadTenant(std::__cxx11::basic_string<char, std::char_traits<char>, std::allocator<char> > const&) (CFBamCustXmlLoader.cpp:3861)
==16611==    by 0x111D48: main (msscfcli.cpp:171)

NOTES:

This repeat of the issue in a different situation is also caused by an insufficiently detailed model.

==16611== 
==16611== Conditional jump or move depends on uninitialised value(s)
==16611==    at 0x9B36011: cfbam::CFBamIndexEditObj::setRequiredIsUnique(bool) (CFBamIndexEditObj.cpp:555)
==16611==    by 0x6310D86: cfbam::CFBamCustXmlLoaderIndexHandler::startElement(char16_t const*, char16_t const*, char16_t const*, xercesc_3_2::Attributes const&) (CFBamCustXmlLoaderIndexHandler.cpp:497)
==16611==    by 0xE7C62B8: cflib::CFLibXmlCoreParser::startElement(char16_t const*, char16_t const*, char16_t const*, xercesc_3_2::Attributes const&) (CFLibXmlCoreParser.cpp:394)
==16611==    by 0xEC08377: xercesc_3_2::SAX2XMLReaderImpl::startElement(xercesc_3_2::XMLElementDecl const&, unsigned int, char16_t const*, xercesc_3_2::RefVectorOf<xercesc_3_2::XMLAttr> const&, unsigned long, bool, bool) (in /usr/lib/x86_64-linux-gnu/libxerces-c-3.2.so)
==16611==    by 0xEBB0668: xercesc_3_2::IGXMLScanner::scanStartTagNS(bool&) (in /usr/lib/x86_64-linux-gnu/libxerces-c-3.2.so)
==16611==    by 0xEBB252C: xercesc_3_2::IGXMLScanner::scanContent() (in /usr/lib/x86_64-linux-gnu/libxerces-c-3.2.so)
==16611==    by 0xEBB2787: xercesc_3_2::IGXMLScanner::scanDocument(xercesc_3_2::InputSource const&) (in /usr/lib/x86_64-linux-gnu/libxerces-c-3.2.so)
==16611==    by 0xEC08B18: xercesc_3_2::SAX2XMLReaderImpl::parse(xercesc_3_2::InputSource const&) (in /usr/lib/x86_64-linux-gnu/libxerces-c-3.2.so)
==16611==    by 0xE7C82D1: cflib::CFLibXmlCoreSaxParser::parse(char const*) (CFLibXmlCoreSaxParser.cpp:161)
==16611==    by 0x5F021CE: cfbam::CFBamCustXmlLoader::loadTenant(std::__cxx11::basic_string<char, std::char_traits<char>, std::allocator<char> > const&) (CFBamCustXmlLoader.cpp:3861)
==16611==    by 0x111D48: main (msscfcli.cpp:171)

NOTES:

I'm really impressed that valgrind managed to ferret out this possible use of the
same uninitialized variable.  How you indicate a boolean hasn't been initialized
puzzles me a tad.  Perhaps if the compiler actually allocates a word or quadword
to store a boolean as an int, which can be set to an initial pattern and checked
later.

==16611== 
==16611== Conditional jump or move depends on uninitialised value(s)
==16611==    at 0x553CC3C: cfbam::CFBamCustMssCFModelValidator::validatePrimaryIndexesAreUnique(cfbam::ICFBamSchemaDefObj*) (CFBamCustMssCFModelValidator.cpp:1020)
==16611==    by 0x553C6D4: cfbam::CFBamCustMssCFModelValidator::validateSchemaDef(cfbam::ICFBamSchemaDefObj*) (CFBamCustMssCFModelValidator.cpp:148)
==16611==    by 0x5529820: cfbam::CFBamCustMssCFEngine::generate(std::__cxx11::basic_string<char, std::char_traits<char>, std::allocator<char> > const&, std::__cxx11::basic_string<char, std::char_traits<char>, std::allocator<char> > const&, cflib::ICFLibAnyObj*, std::vector<std::__cxx11::basic_string<char, std::char_traits<char>, std::allocator<char> >, std::allocator<std::__cxx11::basic_string<char, std::char_traits<char>, std::allocator<char> > > > const&, std::__cxx11::basic_string<char, std::char_traits<char>, std::allocator<char> > const&) (CFBamCustMssCFEngine.cpp:641)
==16611==    by 0x111DD0: main (msscfcli.cpp:181)
==16611== 
 Table Interface"
2020-03-03 02:01:25 	Loading RuleSet "src/SchemaObj/ISchemaSchemaObj.java", Revision = "2.13", Descr="Java 13 Schema Object interface"
2020-03-03 02:01:26 	Loading RuleSet "src/SchemaObj/SchemaSchemaObj.java", Revision = "2.13", Descr="Java 13 Schema Object implementation"
2020-03-03 02:01:28 	Loading RuleSet "src/SchemaObj/SchemaSchemaPooledObj.java", Revision = "2.13", Descr="Java 13 Schema Pooled Object implementation"
2020-03-03 02:01:28 	Loading RuleSet "src/SchemaObj/ISchemaTableObj.java", Revision = "2.13", Descr="Java 13 Table Object interface"
2020-03-03 02:01:35 	Loading RuleSet "src/SchemaObj/SchemaTableObj.java", Revision = "2.13", Descr="Java 13 Table Object implementation"
2020-03-03 02:02:01 	Loading RuleSet "src/SchemaObj/IObj.java", Revision = "2.13", Descr="Java 13 Table Object interface"
2020-03-03 02:02:04 	Loading RuleSet "src/SchemaObj/IEditObj.java", Revision = "2.13", Descr="Java 13 Edit Object interface"
2020-03-03 02:02:06 	Loading RuleSet "src/SchemaObj/EditObj.java", Revision = "2.13", Descr="Java 13 edit object instance implementation"
2020-03-03 02:02:13 	Loading RuleSet "src/SchemaObj/Obj.java", Revision = "2.13", Descr="Java 13 base object instance implementation"
2020-03-03 02:02:21 	Loading RuleSet "src/SchemaRam/SchemaRamSchema.java", Revision = "2.13", Descr="Java 13 implementation of an in-memory $SchemaName$ schema."
2020-03-03 02:02:22 	Loading RuleSet "src/SchemaRam/SchemaRamTableTable.java", Revision = "2.13", Descr="Java 13 in-memory RAM DbIO implementation for Table"
2020-03-03 02:02:52 	Loading RuleSet "src/Schema/SchemaRamTableIdGen.java", Revision = "2.13", Descr="Java 13 implementation of a $TableName$ RAM Id Generator object."
2020-03-03 02:02:55 	Enabled ToolSet "java"
2020-03-03 02:02:55 Rule cartridge specified tool set names any, cplus, java
2020-03-03 02:02:56 Loading com-github-msobkow-CFCore-2-14-CFGenKb
2020-03-03 02:03:09 Parsed CFGenKb Code Factory Generation Knowledgebase
2020-03-03 02:03:09 Validating schemas...
2020-03-03 02:03:11 Schema validation was successful
2020-03-03 02:03:11 Initializing tool set rule map
2020-03-03 02:03:11 Initializing rule map for tool set any
2020-03-03 02:03:19 Initializing rule map for tool set cplus
2020-03-03 02:03:40 Initializing rule map for tool set java
2020-03-03 02:03:51 Tool set rule map initialized
2020-03-03 02:03:51 Manufacturing cfcore_2_14/cplus//.gitignore
2020-03-03 02:03:51 Manufacturing cfcore_2_14/cplus/libcfcore/.gitignore
2020-03-03 02:03:51 Manufacturing cfcore_2_14/cplus/libcfcore/.gitignore
2020-03-03 02:03:51 Manufacturing cfcore_2_14/cplus//CleanCFCore-wsl.bash
2020-03-03 02:03:52 Manufacturing cfcore_2_14/cplus//BuildCFCore-wsl.bash
2020-03-03 02:03:52 Manufacturing cfcore_2_14/cplus//CompileCFCore-wsl.bash
2020-03-03 02:03:52 Manufacturing cfcore_2_14/cplus//InstallCFCore-wsl.bash
2020-03-03 02:03:52 Manufacturing cfcore_2_14/cplus/libcfcore/configure.ac
2020-03-03 02:03:52 Manufacturing cfcore_2_14/cplus/libcfcore/Makefile.am
2020-03-03 02:04:03 Manufacturing cfcore_2_14/cplus/libcfcore/cfgenkb/ICFGenKbSchema.hpp
2020-03-03 02:04:04 Manufacturing cfcore_2_14/cplus/libcfcore/ICFGenKbSchema.cpp
2020-03-03 02:04:04 Manufacturing cfcore_2_14/cplus/libcfcore/cfgenkb/CFGenKbSchema.hpp
2020-03-03 02:04:07 Manufacturing cfcore_2_14/cplus/libcfcore/CFGenKbSchema.cpp
2020-03-03 02:04:11 Manufacturing cfcore_2_14/cplus/libcfcore/cfgenkb/ICFGenKbPublic.hpp
2020-03-03 02:04:15 Manufacturing cfcore_2_14/cplus/libcfcore/ICFGenKbPublic.cpp
2020-03-03 02:04:15 Manufacturing cfcore_2_14/cplus/libcfcore/cfgenkb/CFGenKbAuthorization.hpp
2020-03-03 02:04:15 Manufacturing cfcore_2_14/cplus/libcfcore/CFGenKbAuthorization.cpp
2020-03-03 02:04:15 Manufacturing cfcore_2_14/cplus/libcfcore/cfgenkb/ICFGenKbTablePerms.hpp
2020-03-03 02:04:16 Manufacturing cfcore_2_14/cplus/libcfcore/ICFGenKbTablePerms.cpp
2020-03-03 02:04:16 Manufacturing cfcore_2_14/cplus/libcfcore/cfgenkbobj/ICFGenKbSchemaObj.hpp
2020-03-03 02:04:17 Manufacturing cfcore_2_14/cplus/libcfcore/ICFGenKbSchemaObj.cpp
2020-03-03 02:04:17 Manufacturin
